<?xml version="1.0" encoding="UTF-8"?>
<!-- Generated by org.testng.reporters.JUnitReportReporter -->
<testsuite hostname="MOWLI-PC" name="Sample.Day1testextend1" tests="1" failures="0" timestamp="5 Feb 2019 18:16:51 GMT" time="0.016" errors="0">
  <testcase name="f" time="0.016" classname="Sample.Day1testextend1"/>
</testsuite> <!-- Sample.Day1testextend1 -->
