<?xml version="1.0" encoding="UTF-8"?>
<!-- Generated by org.testng.reporters.JUnitReportReporter -->
<testsuite hostname="MOWLI-PC" name="Sample.Day1Test" tests="1" failures="0" timestamp="5 Feb 2019 17:55:51 GMT" time="5.214" errors="0">
  <testcase name="main" time="5.214" classname="Sample.Day1Test"/>
</testsuite> <!-- Sample.Day1Test -->
